Build started 10/22/2019 10:01:43 PM.
     1>Project "C:\Users\Paul\Documents\ESE 589\starcubing\starcubing\starcubing.vcxproj" on node 2 (Build target(s)).
     1>ClCompile:
         C:\Program Files (x86)\Microsoft Visual Studio 12.0\VC\bin\CL.exe /c /ZI /nologo /W3 /WX- /sdl /Od /Oy- /D WIN32 /D _DEBUG /D _CONSOLE /D _LIB /D _UNICODE /D UNICODE /Gm /EHsc /RTC1 /MDd /GS /fp:precise /Zc:wchar_t /Zc:forScope /Fo"Debug\\" /Fd"Debug\vc120.pdb" /Gd /TP /analyze- /errorReport:prompt StarCube.cpp
         StarCube.cpp
     1>c:\users\paul\documents\ese 589\starcubing\starcubing\starcube.cpp(17): warning C4018: '<' : signed/unsigned mismatch
     1>c:\users\paul\documents\ese 589\starcubing\starcubing\starcube.cpp(33): warning C4018: '<' : signed/unsigned mismatch
     1>c:\users\paul\documents\ese 589\starcubing\starcubing\starcube.cpp(52): warning C4018: '<' : signed/unsigned mismatch
     1>c:\users\paul\documents\ese 589\starcubing\starcubing\starcube.cpp(58): warning C4018: '<' : signed/unsigned mismatch
     1>c:\users\paul\documents\ese 589\starcubing\starcubing\starcube.cpp(88): warning C4018: '<' : signed/unsigned mismatch
     1>c:\users\paul\documents\ese 589\starcubing\starcubing\starcube.cpp(89): warning C4018: '<' : signed/unsigned mismatch
     1>c:\users\paul\documents\ese 589\starcubing\starcubing\starcube.cpp(95): warning C4018: '<' : signed/unsigned mismatch
     1>c:\users\paul\documents\ese 589\starcubing\starcubing\starcube.cpp(96): warning C4018: '<' : signed/unsigned mismatch
     1>c:\users\paul\documents\ese 589\starcubing\starcubing\starcube.cpp(106): warning C4018: '<' : signed/unsigned mismatch
     1>c:\users\paul\documents\ese 589\starcubing\starcubing\starcube.cpp(115): warning C4018: '<' : signed/unsigned mismatch
       Link:
         C:\Program Files (x86)\Microsoft Visual Studio 12.0\VC\bin\link.exe /ERRORREPORT:PROMPT /OUT:"C:\Users\Paul\Documents\ESE 589\starcubing\Debug\starcubing.exe" /INCREMENTAL /NOLOGO kernel32.lib user32.lib gdi32.lib winspool.lib comdlg32.lib advapi32.lib shell32.lib ole32.lib oleaut32.lib uuid.lib odbc32.lib odbccp32.lib /MANIFEST /MANIFESTUAC:"level='asInvoker' uiAccess='false'" /manifest:embed /DEBUG /PDB:"C:\Users\Paul\Documents\ESE 589\starcubing\Debug\starcubing.pdb" /SUBSYSTEM:CONSOLE /TLBID:1 /DYNAMICBASE /NXCOMPAT /IMPLIB:"C:\Users\Paul\Documents\ESE 589\starcubing\Debug\starcubing.lib" /MACHINE:X86 Debug\StarCube.obj
         Debug\starcubing.obj
         Debug\StarTree.obj
         Debug\StarTreeNode.obj
         Debug\stdafx.obj
         starcubing.vcxproj -> C:\Users\Paul\Documents\ESE 589\starcubing\Debug\starcubing.exe
     1>Done Building Project "C:\Users\Paul\Documents\ESE 589\starcubing\starcubing\starcubing.vcxproj" (Build target(s)).

Build succeeded.

Time Elapsed 00:00:03.21
